start  11:58
end    15:16
time = 3hr 15min

poch: [0]  [29200/29316]  eta: 0:00:48  lr: 0.020000  loss: 0.6483 (0.8637)  loss_box_reg: 0.2401 (0.2889)  loss_classifier: 0.3022 (0.3842)  loss_objectness: 0.0663 (0.1017)  loss_rpn_box_reg: 0.0520 (0.0888)  time: 0.4220  data: 0.0102  max mem: 3003
Epoch: [0]  [29220/29316]  eta: 0:00:40  lr: 0.020000  loss: 0.5899 (0.8635)  loss_box_reg: 0.2229 (0.2889)  loss_classifier: 0.2655 (0.3842)  loss_objectness: 0.0420 (0.1017)  loss_rpn_box_reg: 0.0422 (0.0888)  time: 0.4180  data: 0.0101  max mem: 3003
Epoch: [0]  [29240/29316]  eta: 0:00:31  lr: 0.020000  loss: 0.7474 (0.8635)  loss_box_reg: 0.2947 (0.2889)  loss_classifier: 0.3472 (0.3841)  loss_objectness: 0.0741 (0.1016)  loss_rpn_box_reg: 0.0652 (0.0888)  time: 0.4233  data: 0.0104  max mem: 3003
Epoch: [0]  [29260/29316]  eta: 0:00:23  lr: 0.020000  loss: 0.7302 (0.8634)  loss_box_reg: 0.2558 (0.2889)  loss_classifier: 0.3315 (0.3841)  loss_objectness: 0.0728 (0.1016)  loss_rpn_box_reg: 0.0546 (0.0888)  time: 0.4224  data: 0.0100  max mem: 3003
Epoch: [0]  [29280/29316]  eta: 0:00:15  lr: 0.020000  loss: 0.7166 (0.8633)  loss_box_reg: 0.2747 (0.2889)  loss_classifier: 0.3345 (0.3841)  loss_objectness: 0.0857 (0.1016)  loss_rpn_box_reg: 0.0692 (0.0887)  time: 0.4263  data: 0.0101  max mem: 3003
Epoch: [0]  [29300/29316]  eta: 0:00:06  lr: 0.020000  loss: 0.7563 (0.8632)  loss_box_reg: 0.2446 (0.2889)  loss_classifier: 0.3278 (0.3840)  loss_objectness: 0.0690 (0.1016)  loss_rpn_box_reg: 0.0506 (0.0887)  time: 0.4230  data: 0.0103  max mem: 3003
Epoch: [0]  [29315/29316]  eta: 0:00:00  lr: 0.020000  loss: 0.6053 (0.8632)  loss_box_reg: 0.2276 (0.2888)  loss_classifier: 0.2586 (0.3840)  loss_objectness: 0.0713 (0.1016)  loss_rpn_box_reg: 0.0439 (0.0887)  time: 0.4169  data: 0.0103  max mem: 3003
Epoch: [0] Total time: 3:24:40 (0.4189 s / it)
Test:  [   0/2500]  eta: 0:29:43  model_time: 0.4060 (0.4060)  evaluator_time: 0.0163 (0.0163)  time: 0.7133  data: 0.2875  max mem: 3003
Test:  [ 100/2500]  eta: 0:03:46  model_time: 0.0720 (0.0780)  evaluator_time: 0.0062 (0.0087)  time: 0.0864  data: 0.0036  max mem: 3003
Test:  [ 200/2500]  eta: 0:03:28  model_time: 0.0764 (0.0759)  evaluator_time: 0.0059 (0.0084)  time: 0.0854  data: 0.0036  max mem: 3003
Test:  [ 300/2500]  eta: 0:03:16  model_time: 0.0713 (0.0754)  evaluator_time: 0.0053 (0.0083)  time: 0.0851  data: 0.0034  max mem: 3003
Test:  [ 400/2500]  eta: 0:03:07  model_time: 0.0727 (0.0754)  evaluator_time: 0.0066 (0.0085)  time: 0.0879  data: 0.0039  max mem: 3003
Test:  [ 500/2500]  eta: 0:02:57  model_time: 0.0787 (0.0752)  evaluator_time: 0.0064 (0.0084)  time: 0.0891  data: 0.0040  max mem: 3003
Test:  [ 600/2500]  eta: 0:02:58  model_time: 0.0790 (0.0757)  evaluator_time: 0.0085 (0.0131)  time: 0.0933  data: 0.0041  max mem: 3003
Test:  [ 700/2500]  eta: 0:02:48  model_time: 0.0734 (0.0756)  evaluator_time: 0.0070 (0.0126)  time: 0.0908  data: 0.0043  max mem: 3003
Test:  [ 800/2500]  eta: 0:02:38  model_time: 0.0792 (0.0755)  evaluator_time: 0.0068 (0.0122)  time: 0.0912  data: 0.0040  max mem: 3003
Test:  [ 900/2500]  eta: 0:02:27  model_time: 0.0724 (0.0754)  evaluator_time: 0.0061 (0.0118)  time: 0.0867  data: 0.0039  max mem: 3003
Test:  [1000/2500]  eta: 0:02:17  model_time: 0.0722 (0.0753)  evaluator_time: 0.0065 (0.0115)  time: 0.0885  data: 0.0041  max mem: 3003
Test:  [1100/2500]  eta: 0:02:08  model_time: 0.0727 (0.0752)  evaluator_time: 0.0066 (0.0112)  time: 0.0889  data: 0.0042  max mem: 3003
Test:  [1200/2500]  eta: 0:01:58  model_time: 0.0723 (0.0752)  evaluator_time: 0.0082 (0.0109)  time: 0.0886  data: 0.0039  max mem: 3003
Test:  [1300/2500]  eta: 0:01:49  model_time: 0.0717 (0.0751)  evaluator_time: 0.0063 (0.0108)  time: 0.0872  data: 0.0041  max mem: 3003
Test:  [1400/2500]  eta: 0:01:39  model_time: 0.0727 (0.0751)  evaluator_time: 0.0071 (0.0106)  time: 0.0891  data: 0.0045  max mem: 3003
Test:  [1500/2500]  eta: 0:01:30  model_time: 0.0725 (0.0752)  evaluator_time: 0.0065 (0.0105)  time: 0.0870  data: 0.0041  max mem: 3003
Test:  [1600/2500]  eta: 0:01:21  model_time: 0.0733 (0.0752)  evaluator_time: 0.0070 (0.0103)  time: 0.0874  data: 0.0039  max mem: 3003
Test:  [1700/2500]  eta: 0:01:12  model_time: 0.0744 (0.0752)  evaluator_time: 0.0074 (0.0103)  time: 0.0882  data: 0.0040  max mem: 3003
Test:  [1800/2500]  eta: 0:01:03  model_time: 0.0735 (0.0752)  evaluator_time: 0.0078 (0.0102)  time: 0.0890  data: 0.0039  max mem: 3003
Test:  [1900/2500]  eta: 0:00:54  model_time: 0.0757 (0.0752)  evaluator_time: 0.0078 (0.0101)  time: 0.0915  data: 0.0040  max mem: 3003
Test:  [2000/2500]  eta: 0:00:45  model_time: 0.0737 (0.0752)  evaluator_time: 0.0070 (0.0099)  time: 0.0866  data: 0.0039  max mem: 3003
Test:  [2100/2500]  eta: 0:00:36  model_time: 0.0723 (0.0752)  evaluator_time: 0.0065 (0.0099)  time: 0.0878  data: 0.0039  max mem: 3003
Test:  [2200/2500]  eta: 0:00:26  model_time: 0.0715 (0.0751)  evaluator_time: 0.0068 (0.0098)  time: 0.0863  data: 0.0038  max mem: 3003
Test:  [2300/2500]  eta: 0:00:17  model_time: 0.0739 (0.0752)  evaluator_time: 0.0073 (0.0097)  time: 0.0880  data: 0.0040  max mem: 3003
Test:  [2400/2500]  eta: 0:00:08  model_time: 0.0734 (0.0752)  evaluator_time: 0.0063 (0.0096)  time: 0.0881  data: 0.0038  max mem: 3003
Test:  [2499/2500]  eta: 0:00:00  model_time: 0.0734 (0.0752)  evaluator_time: 0.0063 (0.0095)  time: 0.0873  data: 0.0038  max mem: 3003
Test: Total time: 0:03:45 (0.0901 s / it)
Averaged stats: model_time: 0.0734 (0.0758)  evaluator_time: 0.0063 (0.0091)
Accumulating evaluation results...
DONE (t=7.32s).
IoU metric: bbox
 Average Precision  (AP) @[ IoU=0.50:0.95 | area=   all | maxDets=100 ] = 0.149
 Average Precision  (AP) @[ IoU=0.50      | area=   all | maxDets=100 ] = 0.294
 Average Precision  (AP) @[ IoU=0.75      | area=   all | maxDets=100 ] = 0.135
 Average Precision  (AP) @[ IoU=0.50:0.95 | area= small | maxDets=100 ] = 0.086
 Average Precision  (AP) @[ IoU=0.50:0.95 | area=medium | maxDets=100 ] = 0.166
 Average Precision  (AP) @[ IoU=0.50:0.95 | area= large | maxDets=100 ] = 0.187
 Average Recall     (AR) @[ IoU=0.50:0.95 | area=   all | maxDets=  1 ] = 0.178
 Average Recall     (AR) @[ IoU=0.50:0.95 | area=   all | maxDets= 10 ] = 0.299
 Average Recall     (AR) @[ IoU=0.50:0.95 | area=   all | maxDets=100 ] = 0.312
 Average Recall     (AR) @[ IoU=0.50:0.95 | area= small | maxDets=100 ] = 0.157
 Average Recall     (AR) @[ IoU=0.50:0.95 | area=medium | maxDets=100 ] = 0.333
 Average Recall     (AR) @[ IoU=0.50:0.95 | area= large | maxDets=100 ] = 0.405
Epoch: [1]  [    0/29316]  eta: 9:58:43  lr: 0.020000  loss: 0.5380 (0.5380)  loss_box_reg: 0.2164 (0.2164)  loss_classifier: 0.2755 (0.2755)  loss_objectness: 0.0331 (0.0331)  loss_rpn_box_reg: 0.0131 (0.0131)  time: 1.2254  data: 0.2426  max mem: 3003
Epoch: [1]  [   20/29316]  eta: 3:45:15  lr: 0.020000  loss: 0.7428 (0.7268)  loss_box_reg: 0.2472 (0.2617)  loss_classifier: 0.3022 (0.3079)  loss_objectness: 0.0745 (0.0886)  loss_rpn_box_reg: 0.0528 (0.0687)  time: 0.4232  data: 0.0099  max mem: 3003
Epoch: [1]  [   40/29316]  eta: 3:35:47  lr: 0.020000  loss: 0.7296 (0.7178)  loss_box_reg: 0.2533 (0.2620)  loss_classifier: 0.3103 (0.3027)  loss_objectness: 0.0694 (0.0828)  loss_rpn_box_reg: 0.0689 (0.0703)  time: 0.4222  data: 0.0091  max mem: 3003
Epoch: [1]  [   60/29316]  eta: 3:31:43  lr: 0.020000  loss: 0.6533 (0.7080)  loss_box_reg: 0.2287 (0.2570)  loss_classifier: 0.2776 (0.3029)  loss_objectness: 0.0537 (0.0784)  loss_rpn_box_reg: 0.0434 (0.0697)  time: 0.4177  data: 0.0092  max mem: 3003
Epoch: [1]  [   80/29316]  eta: 3:30:41  lr: 0.020000  loss: 0.7891 (0.7423)  loss_box_reg: 0.2935 (0.2689)  loss_classifier: 0.3282 (0.3182)  loss_objectness: 0.0719 (0.0795)  loss_rpn_box_reg: 0.0549 (0.0756)  time: 0.4269  data: 0.0091  max mem: 3003
Epoch: [1]  [  100/29316]  eta: 3:29:08  lr: 0.020000  loss: 0.8720 (0.7581)  loss_box_reg: 0.2953 (0.2743)  loss_classifier: 0.3715 (0.3293)  loss_objectness: 0.0683 (0.0774)  loss_rpn_box_reg: 0.0597 (0.0771)  time: 0.4177  data: 0.0091  max mem: 3003
^CWARNING:torch.distributed.elastic.agent.server.api:Received 2 death signal, shutting down workers
WARNING:torch.distributed.elastic.multiprocessing.api:Sending process 17155 closing signal SIGINT

