(pytorch_d_1_13_1_cuda_11_7) $  cd /mnt/d/code_crop_weed/crop_weed ; /usr/bin/env /home/chris/anaconda3/envs/pytorch_d_1_13_1_cuda_11_7/bin/python /home/chris/.vscode-server/extensions/ms-python.python-2022.20.2/pythonFiles/lib/python/debugpy/adapter/../../debugpy/launcher 34105 -- /home/chris/anaconda3/envs/pytorch_d_1_13_1_cuda_11_7/bin/torchrun --nproc_per_node 2 experiments/detection/train_001.py --output_dir experiments/output/010a_fcos_rn50fpn_coco_noweights --dataset coco --model fcos_resnet50_fpn --epochs 1 --lr-steps 16 22 --aspect-ratio-group-factor 3 
WARNING:torch.distributed.run:
*****************************************
Setting OMP_NUM_THREADS environment variable for each process to be 1 in default, to avoid your system being overloaded, please further tune the variable for optimal performance in your application as needed. 
*****************************************
| distributed init (rank 1): env://| distributed init (rank 0): env://

Namespace(data_path='/mnt/d/dataset_coco_cocoapi/cocoapi/coco/', dataset='coco', model='fcos_resnet50_fpn', device='cuda', batch_size=2, epochs=1, workers=4, opt='sgd', lr=0.02, momentum=0.9, weight_decay=0.0001, norm_weight_decay=None, lr_scheduler='multisteplr', lr_step_size=8, lr_steps=[16, 22], lr_gamma=0.1, print_freq=20, output_dir='experiments/output/010a_fcos_rn50fpn_coco_noweights', resume='', start_epoch=0, aspect_ratio_group_factor=3, rpn_score_thresh=None, trainable_backbone_layers=None, data_augmentation='hflip', sync_bn=False, test_only=False, use_deterministic_algorithms=False, world_size=2, dist_url='env://', weights=None, weights_backbone=None, amp=False, use_copypaste=False, rank=0, gpu=0, distributed=True, dist_backend='nccl')
Loading data
loading annotations into memory...
Done (t=9.12s)
creating index...
index created!
loading annotations into memory...
Done (t=0.32s)
creating index...
index created!
Creating data loaders
Using [0, 0.5, 0.6299605249474366, 0.7937005259840997, 1.0, 1.2599210498948732, 1.5874010519681994, 2.0, inf] as bins for aspect ratio quantization
Count of instances per bin: [  104   982 24236  2332  8225 74466  5763  1158]
Creating model
Start training
Epoch: [0]  [    0/29316]  eta: 17:59:36  lr: 0.000040  loss: 2.9738 (2.9738)  bbox_ctrness: 0.7389 (0.7389)  bbox_regression: 0.9974 (0.9974)  classification: 1.2375 (1.2375)  time: 2.2096  data: 0.3475  max mem: 4357
Epoch: [0]  [   20/29316]  eta: 4:25:41  lr: 0.000440  loss: 2.8691 (2.8769)  bbox_ctrness: 0.7075 (0.7234)  bbox_regression: 0.9999 (1.0023)  classification: 1.1568 (1.1513)  time: 0.4609  data: 0.0121  max mem: 4851
Epoch: [0]  [   40/29316]  eta: 4:05:30  lr: 0.000839  loss: 2.7597 (2.8189)  bbox_ctrness: 0.6908 (0.7106)  bbox_regression: 0.9995 (1.0008)  classification: 1.0536 (1.1076)  time: 0.4601  data: 0.0087  max mem: 5049
Epoch: [0]  [   60/29316]  eta: 3:58:23  lr: 0.001239  loss: 2.5561 (2.7353)  bbox_ctrness: 0.6855 (0.7018)  bbox_regression: 0.7758 (0.9394)  classification: 1.0680 (1.0941)  time: 0.4597  data: 0.0088  max mem: 5049
Epoch: [0]  [   80/29316]  eta: 3:54:14  lr: 0.001638  loss: 2.2817 (2.6225)  bbox_ctrness: 0.6716 (0.6948)  bbox_regression: 0.6040 (0.8569)  classification: 0.9848 (1.0709)  time: 0.4558  data: 0.0083  max mem: 5049
Epoch: [0]  [  100/29316]  eta: 3:51:57  lr: 0.002038  loss: 2.2242 (2.5459)  bbox_ctrness: 0.6702 (0.6904)  bbox_regression: 0.5882 (0.8045)  classification: 0.9698 (1.0509)  time: 0.4588  data: 0.0088  max mem: 5049
Epoch: [0]  [  120/29316]  eta: 3:50:28  lr: 0.002438  loss: 2.3119 (2.5071)  bbox_ctrness: 0.6761 (0.6884)  bbox_regression: 0.6007 (0.7727)  classification: 1.0030 (1.0460)  time: 0.4599  data: 0.0087  max mem: 5049
Epoch: [0]  [  140/29316]  eta: 3:49:26  lr: 0.002837  loss: 2.2203 (2.4670)  bbox_ctrness: 0.6629 (0.6856)  bbox_regression: 0.5690 (0.7433)  classification: 0.9732 (1.0380)  time: 0.4609  data: 0.0090  max mem: 5049
Epoch: [0]  [  160/29316]  eta: 3:48:51  lr: 0.003237  loss: 2.4460 (2.4732)  bbox_ctrness: 0.6695 (0.6839)  bbox_regression: 0.5838 (0.7232)  classification: 1.1753 (1.0660)  time: 0.4649  data: 0.0090  max mem: 5049
Epoch: [0]  [  180/29316]  eta: 3:47:49  lr: 0.003636  loss: 3.2782 (2.7589)  bbox_ctrness: 0.6797 (0.6832)  bbox_regression: 0.5572 (0.7051)  classification: 1.9730 (1.3706)  time: 0.4545  data: 0.0084  max mem: 5049
Epoch: [0]  [  200/29316]  eta: 3:47:11  lr: 0.004036  loss: 8.0216 (3.2768)  bbox_ctrness: 0.6776 (0.6829)  bbox_regression: 0.5544 (0.6908)  classification: 6.8769 (1.9031)  time: 0.4593  data: 0.0086  max mem: 5049
Epoch: [0]  [  220/29316]  eta: 3:46:47  lr: 0.004436  loss: 2.6101 (3.2484)  bbox_ctrness: 0.6664 (0.6815)  bbox_regression: 0.5555 (0.6799)  classification: 1.2667 (1.8870)  time: 0.4625  data: 0.0089  max mem: 5049
Epoch: [0]  [  240/29316]  eta: 3:46:20  lr: 0.004835  loss: 2.6174 (3.2119)  bbox_ctrness: 0.6816 (0.6822)  bbox_regression: 0.5768 (0.6718)  classification: 1.2768 (1.8579)  time: 0.4605  data: 0.0091  max mem: 5049
Epoch: [0]  [  260/29316]  eta: 3:46:06  lr: 0.005235  loss: 2.4369 (3.1570)  bbox_ctrness: 0.6921 (0.6834)  bbox_regression: 0.5644 (0.6637)  classification: 1.1688 (1.8099)  time: 0.4652  data: 0.0088  max mem: 5062

